#
# There is insufficient memory for the Java Runtime Environment to continue.
# Native memory allocation (malloc) failed to allocate 32744 bytes for ChunkPool::allocate
# Possible reasons:
#   The system is out of physical RAM or swap space
#   In 32 bit mode, the process size limit was hit
# Possible solutions:
#   Reduce memory load on the system
#   Increase physical memory or swap space
#   Check if swap backing store is full
#   Use 64 bit Java on a 64 bit OS
#   Decrease Java heap size (-Xmx/-Xms)
#   Decrease number of Java threads
#   Decrease Java thread stack sizes (-Xss)
#   Set larger code cache with -XX:ReservedCodeCacheSize=
# This output file may be truncated or incomplete.
#
#  Out of Memory Error (allocation.cpp:273), pid=16372, tid=0x00000000000041f0
#
# JRE version: Java(TM) SE Runtime Environment (8.0_181-b13) (build 1.8.0_181-b13)
# Java VM: Java HotSpot(TM) 64-Bit Server VM (25.181-b13 mixed mode windows-amd64 compressed oops)
# Failed to write core dump. Minidumps are not enabled by default on client versions of Windows
#

---------------  T H R E A D  ---------------

Current thread (0x0000000014c4d000):  JavaThread "C1 CompilerThread2" daemon [_thread_in_native, id=16880, stack(0x0000000015470000,0x0000000015570000)]

Stack: [0x0000000015470000,0x0000000015570000]
[error occurred during error reporting (printing stack bounds), id 0xc0000005]

Native frames: (J=compiled Java code, j=interpreted, Vv=VM code, C=native code)


Current CompileTask:
C1:  17852 2188       1       org.springframework.asm.ClassReader::readCode (5085 bytes)


---------------  P R O C E S S  ---------------

Java Threads: ( => current thread )
  0x0000000014d35800 JavaThread "logback-1" daemon [_thread_blocked, id=17640, stack(0x0000000015b20000,0x0000000015c20000)]
  0x0000000014f13800 JavaThread "RMI TCP Accept-0" daemon [_thread_in_native, id=1268, stack(0x0000000015670000,0x0000000015770000)]
  0x0000000014c77000 JavaThread "Service Thread" daemon [_thread_blocked, id=15684, stack(0x0000000015570000,0x0000000015670000)]
=>0x0000000014c4d000 JavaThread "C1 CompilerThread2" daemon [_thread_in_native, id=16880, stack(0x0000000015470000,0x0000000015570000)]
  0x0000000014bf5800 JavaThread "C2 CompilerThread1" daemon [_thread_blocked, id=15104, stack(0x0000000015370000,0x0000000015470000)]
  0x0000000014bf3000 JavaThread "C2 CompilerThread0" daemon [_thread_blocked, id=7484, stack(0x0000000015270000,0x0000000015370000)]
  0x0000000012df3000 JavaThread "JDWP Command Reader" daemon [_thread_in_native, id=7772, stack(0x0000000014970000,0x0000000014a70000)]
  0x0000000012def000 JavaThread "JDWP Event Helper Thread" daemon [_thread_blocked, id=10340, stack(0x0000000014870000,0x0000000014970000)]
  0x0000000012ded800 JavaThread "JDWP Transport Listener: dt_socket" daemon [_thread_blocked, id=15188, stack(0x0000000014770000,0x0000000014870000)]
  0x0000000012dc8000 JavaThread "Attach Listener" daemon [_thread_blocked, id=14416, stack(0x0000000014670000,0x0000000014770000)]
  0x0000000012dc7800 JavaThread "Signal Dispatcher" daemon [_thread_blocked, id=7976, stack(0x0000000014570000,0x0000000014670000)]
  0x0000000012d9a800 JavaThread "Finalizer" daemon [_thread_blocked, id=16664, stack(0x0000000014010000,0x0000000014110000)]
  0x0000000002827000 JavaThread "Reference Handler" daemon [_thread_blocked, id=14028, stack(0x0000000013f10000,0x0000000014010000)]
  0x0000000002739000 JavaThread "main" [_thread_blocked, id=8416, stack(0x0000000002630000,0x0000000002730000)]

Other Threads:
  0x0000000012d77000 VMThread [stack: 0x0000000013e10000,0x0000000013f10000] [id=17032]
  0x0000000014f24000 WatcherThread [stack: 0x0000000015770000,0x0000000015870000] [id=5056]

VM state:at safepoint (normal execution)

VM Mutex/Monitor currently owned by a thread:  ([mutex/lock_event])
[0x00000000027325d0] Threads_lock - owner thread: 0x0000000012d77000
[0x0000000002737470] Heap_lock - owner thread: 0x0000000002739000

Heap:
 PSYoungGen      total 25088K, used 19081K [0x00000000fdf00000, 0x00000000fff00000, 0x0000000100000000)
  eden space 17408K, 100% used [0x00000000fdf00000,0x00000000ff000000,0x00000000ff000000)
  from space 7680K, 21% used [0x00000000ff780000,0x00000000ff922618,0x00000000fff00000)
  to   space 1536K, 60% used [0x00000000ff000000,0x00000000ff0e8000,0x00000000ff180000)
 ParOldGen       total 37376K, used 9522K [0x00000000f9c00000, 0x00000000fc080000, 0x00000000fdf00000)
  object space 37376K, 25% used [0x00000000f9c00000,0x00000000fa54ca48,0x00000000fc080000)
 Metaspace       used 25634K, capacity 26544K, committed 26752K, reserved 1075200K
  class space    used 3415K, capacity 3626K, committed 3712K, reserved 1048576K

Card table byte_map: [0x0000000000800000,0x0000000000840000] byte_map_base: 0x0000000000032000

Marking Bits: (ParMarkBitMap*) 0x0000000075992d00
 Begin Bits: [0x00000000120f0000, 0x0000000012280000)
 End Bits:   [0x0000000012280000, 0x0000000012410000)

Polling page: 0x00000000004e0000

CodeCache: size=245760Kb used=4897Kb max_used=4897Kb free=240862Kb
 bounds [0x0000000002930000, 0x0000000002e00000, 0x0000000011930000]
 total_blobs=2598 nmethods=2186 adapters=331
 compilation: enabled

Compilation events (10 events):
Event: 17.396 Thread 0x0000000014c4d000 nmethod 2183 0x0000000002df6c10 code [0x0000000002df6de0, 0x0000000002df70f8]
Event: 17.396 Thread 0x0000000014c4d000 2184       1       org.springframework.asm.MethodVisitor::<init> (7 bytes)
Event: 17.396 Thread 0x0000000014c4d000 nmethod 2184 0x0000000002df7310 code [0x0000000002df7460, 0x0000000002df75a8]
Event: 17.396 Thread 0x0000000014c4d000 2185       1       java.lang.reflect.Proxy$Key1::equals (47 bytes)
Event: 17.396 Thread 0x0000000014c4d000 nmethod 2185 0x0000000002df7610 code [0x0000000002df7760, 0x0000000002df7950]
Event: 17.397 Thread 0x0000000014c4d000 2186       1       sun.reflect.MethodAccessorImpl::<init> (5 bytes)
Event: 17.397 Thread 0x0000000014c4d000 nmethod 2186 0x0000000002df7a50 code [0x0000000002df7ba0, 0x0000000002df7cb0]
Event: 17.397 Thread 0x0000000014c4d000 2187       1       sun.reflect.ClassFileAssembler::append (30 bytes)
Event: 17.397 Thread 0x0000000014c4d000 nmethod 2187 0x0000000002df7d50 code [0x0000000002df7ee0, 0x0000000002df8178]
Event: 17.398 Thread 0x0000000014c4d000 2188       1       org.springframework.asm.ClassReader::readCode (5085 bytes)

GC Heap History (10 events):
Event: 14.391 GC heap before
{Heap before GC invocations=8 (full 0):
 PSYoungGen      total 26112K, used 9680K [0x00000000fdf00000, 0x0000000100000000, 0x0000000100000000)
  eden space 18432K, 33% used [0x00000000fdf00000,0x00000000fe5178f0,0x00000000ff100000)
  from space 7680K, 44% used [0x00000000ff100000,0x00000000ff45c7d0,0x00000000ff880000)
  to   space 7680K, 0% used [0x00000000ff880000,0x00000000ff880000,0x0000000100000000)
 ParOldGen       total 68608K, used 8403K [0x00000000f9c00000, 0x00000000fdf00000, 0x00000000fdf00000)
  object space 68608K, 12% used [0x00000000f9c00000,0x00000000fa434d78,0x00000000fdf00000)
 Metaspace       used 20637K, capacity 21214K, committed 21296K, reserved 1067008K
  class space    used 2680K, capacity 2875K, committed 2944K, reserved 1048576K
Event: 14.422 GC heap after
Heap after GC invocations=8 (full 0):
 PSYoungGen      total 26112K, used 1976K [0x00000000fdf00000, 0x0000000100000000, 0x0000000100000000)
  eden space 18432K, 0% used [0x00000000fdf00000,0x00000000fdf00000,0x00000000ff100000)
  from space 7680K, 25% used [0x00000000ff880000,0x00000000ffa6e370,0x0000000100000000)
  to   space 7680K, 0% used [0x00000000ff100000,0x00000000ff100000,0x00000000ff880000)
 ParOldGen       total 68608K, used 9083K [0x00000000f9c00000, 0x00000000fdf00000, 0x00000000fdf00000)
  object space 68608K, 13% used [0x00000000f9c00000,0x00000000fa4ded78,0x00000000fdf00000)
 Metaspace       used 20637K, capacity 21214K, committed 21296K, reserved 1067008K
  class space    used 2680K, capacity 2875K, committed 2944K, reserved 1048576K
}
Event: 14.422 GC heap before
{Heap before GC invocations=9 (full 1):
 PSYoungGen      total 26112K, used 1976K [0x00000000fdf00000, 0x0000000100000000, 0x0000000100000000)
  eden space 18432K, 0% used [0x00000000fdf00000,0x00000000fdf00000,0x00000000ff100000)
  from space 7680K, 25% used [0x00000000ff880000,0x00000000ffa6e370,0x0000000100000000)
  to   space 7680K, 0% used [0x00000000ff100000,0x00000000ff100000,0x00000000ff880000)
 ParOldGen       total 68608K, used 9083K [0x00000000f9c00000, 0x00000000fdf00000, 0x00000000fdf00000)
  object space 68608K, 13% used [0x00000000f9c00000,0x00000000fa4ded78,0x00000000fdf00000)
 Metaspace       used 20637K, capacity 21214K, committed 21296K, reserved 1067008K
  class space    used 2680K, capacity 2875K, committed 2944K, reserved 1048576K
Event: 14.539 GC heap after
Heap after GC invocations=9 (full 1):
 PSYoungGen      total 26112K, used 0K [0x00000000fdf00000, 0x0000000100000000, 0x0000000100000000)
  eden space 18432K, 0% used [0x00000000fdf00000,0x00000000fdf00000,0x00000000ff100000)
  from space 7680K, 0% used [0x00000000ff880000,0x00000000ff880000,0x0000000100000000)
  to   space 7680K, 0% used [0x00000000ff100000,0x00000000ff100000,0x00000000ff880000)
 ParOldGen       total 37376K, used 5745K [0x00000000f9c00000, 0x00000000fc080000, 0x00000000fdf00000)
  object space 37376K, 15% used [0x00000000f9c00000,0x00000000fa19c630,0x00000000fc080000)
 Metaspace       used 20636K, capacity 21208K, committed 21296K, reserved 1067008K
  class space    used 2680K, capacity 2874K, committed 2944K, reserved 1048576K
}
Event: 14.900 GC heap before
{Heap before GC invocations=10 (full 1):
 PSYoungGen      total 26112K, used 18432K [0x00000000fdf00000, 0x0000000100000000, 0x0000000100000000)
  eden space 18432K, 100% used [0x00000000fdf00000,0x00000000ff100000,0x00000000ff100000)
  from space 7680K, 0% used [0x00000000ff880000,0x00000000ff880000,0x0000000100000000)
  to   space 7680K, 0% used [0x00000000ff100000,0x00000000ff100000,0x00000000ff880000)
 ParOldGen       total 37376K, used 5745K [0x00000000f9c00000, 0x00000000fc080000, 0x00000000fdf00000)
  object space 37376K, 15% used [0x00000000f9c00000,0x00000000fa19c630,0x00000000fc080000)
 Metaspace       used 21652K, capacity 22340K, committed 22528K, reserved 1069056K
  class space    used 2823K, capacity 3004K, committed 3072K, reserved 1048576K
Event: 14.911 GC heap after
Heap after GC invocations=10 (full 1):
 PSYoungGen      total 19968K, used 1526K [0x00000000fdf00000, 0x0000000100000000, 0x0000000100000000)
  eden space 18432K, 0% used [0x00000000fdf00000,0x00000000fdf00000,0x00000000ff100000)
  from space 1536K, 99% used [0x00000000ff100000,0x00000000ff27d908,0x00000000ff280000)
  to   space 8192K, 0% used [0x00000000ff800000,0x00000000ff800000,0x0000000100000000)
 ParOldGen       total 37376K, used 5753K [0x00000000f9c00000, 0x00000000fc080000, 0x00000000fdf00000)
  object space 37376K, 15% used [0x00000000f9c00000,0x00000000fa19e630,0x00000000fc080000)
 Metaspace       used 21652K, capacity 22340K, committed 22528K, reserved 1069056K
  class space    used 2823K, capacity 3004K, committed 3072K, reserved 1048576K
}
Event: 15.222 GC heap before
{Heap before GC invocations=11 (full 1):
 PSYoungGen      total 19968K, used 19958K [0x00000000fdf00000, 0x0000000100000000, 0x0000000100000000)
  eden space 18432K, 100% used [0x00000000fdf00000,0x00000000ff100000,0x00000000ff100000)
  from space 1536K, 99% used [0x00000000ff100000,0x00000000ff27d908,0x00000000ff280000)
  to   space 8192K, 0% used [0x00000000ff800000,0x00000000ff800000,0x0000000100000000)
 ParOldGen       total 37376K, used 5753K [0x00000000f9c00000, 0x00000000fc080000, 0x00000000fdf00000)
  object space 37376K, 15% used [0x00000000f9c00000,0x00000000fa19e630,0x00000000fc080000)
 Metaspace       used 22715K, capacity 23488K, committed 23680K, reserved 1069056K
  class space    used 2972K, capacity 3182K, committed 3200K, reserved 1048576K
Event: 15.234 GC heap after
Heap after GC invocations=11 (full 1):
 PSYoungGen      total 25600K, used 1720K [0x00000000fdf00000, 0x0000000100000000, 0x0000000100000000)
  eden space 17408K, 0% used [0x00000000fdf00000,0x00000000fdf00000,0x00000000ff000000)
  from space 8192K, 21% used [0x00000000ff800000,0x00000000ff9ae2d8,0x0000000100000000)
  to   space 8192K, 0% used [0x00000000ff000000,0x00000000ff000000,0x00000000ff800000)
 ParOldGen       total 37376K, used 5761K [0x00000000f9c00000, 0x00000000fc080000, 0x00000000fdf00000)
  object space 37376K, 15% used [0x00000000f9c00000,0x00000000fa1a0630,0x00000000fc080000)
 Metaspace       used 22715K, capacity 23488K, committed 23680K, reserved 1069056K
  class space    used 2972K, capacity 3182K, committed 3200K, reserved 1048576K
}
Event: 17.267 GC heap before
{Heap before GC invocations=12 (full 1):
 PSYoungGen      total 25600K, used 19128K [0x00000000fdf00000, 0x0000000100000000, 0x0000000100000000)
  eden space 17408K, 100% used [0x00000000fdf00000,0x00000000ff000000,0x00000000ff000000)
  from space 8192K, 21% used [0x00000000ff800000,0x00000000ff9ae2d8,0x0000000100000000)
  to   space 8192K, 0% used [0x00000000ff000000,0x00000000ff000000,0x00000000ff800000)
 ParOldGen       total 37376K, used 5761K [0x00000000f9c00000, 0x00000000fc080000, 0x00000000fdf00000)
  object space 37376K, 15% used [0x00000000f9c00000,0x00000000fa1a0630,0x00000000fc080000)
 Metaspace       used 23715K, capacity 24510K, committed 24704K, reserved 1071104K
  class space    used 3139K, capacity 3337K, committed 3456K, reserved 1048576K
Event: 17.270 GC heap after
Heap after GC invocations=12 (full 1):
 PSYoungGen      total 25600K, used 1456K [0x00000000fdf00000, 0x0000000100000000, 0x0000000100000000)
  eden space 17408K, 0% used [0x00000000fdf00000,0x00000000fdf00000,0x00000000ff000000)
  from space 8192K, 17% used [0x00000000ff000000,0x00000000ff16c010,0x00000000ff800000)
  to   space 8192K, 0% used [0x00000000ff800000,0x00000000ff800000,0x0000000100000000)
 ParOldGen       total 37376K, used 6425K [0x00000000f9c00000, 0x00000000fc080000, 0x00000000fdf00000)
  object space 37376K, 17% used [0x00000000f9c00000,0x00000000fa246630,0x00000000fc080000)
 Metaspace       used 23715K, capacity 24510K, committed 24704K, reserved 1071104K
  class space    used 3139K, capacity 3337K, committed 3456K, reserved 1048576K
}

Deoptimization events (0 events):
No events

Classes redefined (0 events):
No events

Internal exceptions (10 events):
Event: 17.355 Thread 0x0000000002739000 Exception <a 'java/lang/ClassNotFoundException': org/springframework/beans/factory/config/BeanFactoryPostProcessorCustomizer> (0x00000000fe71e0c0) thrown at [C:\re\workspace\8-2-build-windows-amd64-cygwin\jdk8u181\11358\hotspot\src\share\vm\classfile\syst
Event: 17.356 Thread 0x0000000002739000 Exception <a 'java/lang/ClassNotFoundException': org/springframework/core/PriorityOrderedCustomizer> (0x00000000fe73b808) thrown at [C:\re\workspace\8-2-build-windows-amd64-cygwin\jdk8u181\11358\hotspot\src\share\vm\classfile\systemDictionary.cpp, line 21
Event: 17.356 Thread 0x0000000002739000 Exception <a 'java/lang/ClassNotFoundException': org/springframework/core/OrderedCustomizer> (0x00000000fe754eb8) thrown at [C:\re\workspace\8-2-build-windows-amd64-cygwin\jdk8u181\11358\hotspot\src\share\vm\classfile\systemDictionary.cpp, line 210]
Event: 17.357 Thread 0x0000000002739000 Exception <a 'java/lang/ClassNotFoundException': org/springframework/context/ResourceLoaderAwareCustomizer> (0x00000000fe775670) thrown at [C:\re\workspace\8-2-build-windows-amd64-cygwin\jdk8u181\11358\hotspot\src\share\vm\classfile\systemDictionary.cpp, 
Event: 17.358 Thread 0x0000000002739000 Exception <a 'java/lang/ClassNotFoundException': org/springframework/beans/factory/AwareCustomizer> (0x00000000fe7930e0) thrown at [C:\re\workspace\8-2-build-windows-amd64-cygwin\jdk8u181\11358\hotspot\src\share\vm\classfile\systemDictionary.cpp, line 210
Event: 17.358 Thread 0x0000000002739000 Exception <a 'java/lang/ClassNotFoundException': org/springframework/beans/factory/BeanClassLoaderAwareCustomizer> (0x00000000fe7b5d88) thrown at [C:\re\workspace\8-2-build-windows-amd64-cygwin\jdk8u181\11358\hotspot\src\share\vm\classfile\systemDictionar
Event: 17.359 Thread 0x0000000002739000 Exception <a 'java/lang/ClassNotFoundException': org/springframework/beans/factory/AwareCustomizer> (0x00000000fe7d38a8) thrown at [C:\re\workspace\8-2-build-windows-amd64-cygwin\jdk8u181\11358\hotspot\src\share\vm\classfile\systemDictionary.cpp, line 210
Event: 17.359 Thread 0x0000000002739000 Exception <a 'java/lang/ClassNotFoundException': org/springframework/context/EnvironmentAwareCustomizer> (0x00000000fe7f21d8) thrown at [C:\re\workspace\8-2-build-windows-amd64-cygwin\jdk8u181\11358\hotspot\src\share\vm\classfile\systemDictionary.cpp, lin
Event: 17.360 Thread 0x0000000002739000 Exception <a 'java/lang/ClassNotFoundException': org/springframework/beans/factory/AwareCustomizer> (0x00000000fe80fb50) thrown at [C:\re\workspace\8-2-build-windows-amd64-cygwin\jdk8u181\11358\hotspot\src\share\vm\classfile\systemDictionary.cpp, line 210
Event: 17.367 Thread 0x0000000002739000 Exception <a 'java/lang/NoSuchMethodError': java.lang.Object.lambda$comparing$77a9974f$1(Ljava/util/function/Function;Ljava/lang/Object;Ljava/lang/Object;)I> (0x00000000fe86caa8) thrown at [C:\re\workspace\8-2-build-windows-amd64-cygwin\jdk8u181\11358\hot

Events (10 events):
Event: 17.396 Thread 0x0000000002739000 DEOPT PACKING pc=0x0000000002b0df3c sp=0x000000000272e550
Event: 17.396 Thread 0x0000000002739000 DEOPT UNPACKING pc=0x0000000002977890 sp=0x000000000272e370 mode 1
Event: 17.397 loading class org/springframework/web/bind/annotation/PostMapping
Event: 17.397 loading class org/springframework/web/bind/annotation/PostMapping done
Event: 17.397 Thread 0x0000000002739000 DEOPT PACKING pc=0x0000000002b58ac9 sp=0x000000000272e340
Event: 17.397 Thread 0x0000000002739000 DEOPT UNPACKING pc=0x0000000002977890 sp=0x000000000272e090 mode 1
Event: 17.397 Thread 0x0000000002739000 DEOPT PACKING pc=0x0000000002b0dff4 sp=0x000000000272e3c0
Event: 17.397 Thread 0x0000000002739000 DEOPT UNPACKING pc=0x0000000002977890 sp=0x000000000272e1e0 mode 1
Event: 17.397 Thread 0x0000000002739000 DEOPT PACKING pc=0x0000000002b0df3c sp=0x000000000272e550
Event: 17.397 Thread 0x0000000002739000 DEOPT UNPACKING pc=0x0000000002977890 sp=0x000000000272e370 mode 1


Dynamic libraries:
0x00007ff636a80000 - 0x00007ff636ab7000 	C:\Program Files\Java\jdk1.8.0_181\bin\java.exe
0x00007ffdca250000 - 0x00007ffdca444000 	C:\windows\SYSTEM32\ntdll.dll
0x00007ffdc8b30000 - 0x00007ffdc8bed000 	C:\windows\System32\KERNEL32.DLL
0x00007ffdc7e60000 - 0x00007ffdc8127000 	C:\windows\System32\KERNELBASE.dll
0x00007ffdc9410000 - 0x00007ffdc94ba000 	C:\windows\System32\ADVAPI32.dll
0x00007ffdc9370000 - 0x00007ffdc940e000 	C:\windows\System32\msvcrt.dll
0x00007ffdc91c0000 - 0x00007ffdc925b000 	C:\windows\System32\sechost.dll
0x00007ffdc9b30000 - 0x00007ffdc9c53000 	C:\windows\System32\RPCRT4.dll
0x00007ffdc8e80000 - 0x00007ffdc9020000 	C:\windows\System32\USER32.dll
0x00007ffdc8130000 - 0x00007ffdc8152000 	C:\windows\System32\win32u.dll
0x00007ffdc9340000 - 0x00007ffdc936a000 	C:\windows\System32\GDI32.dll
0x00007ffdc7c20000 - 0x00007ffdc7d2a000 	C:\windows\System32\gdi32full.dll
0x00007ffdc81b0000 - 0x00007ffdc824d000 	C:\windows\System32\msvcp_win.dll
0x00007ffdc79c0000 - 0x00007ffdc7ac0000 	C:\windows\System32\ucrtbase.dll
0x00007ffdb2660000 - 0x00007ffdb28fa000 	C:\windows\WinSxS\amd64_microsoft.windows.common-controls_6595b64144ccf1df_6.0.19041.1_none_b555e41d4684ddec\COMCTL32.dll
0x00007ffdc8b00000 - 0x00007ffdc8b30000 	C:\windows\System32\IMM32.DLL
0x0000000075a20000 - 0x0000000075af2000 	C:\Program Files\Java\jdk1.8.0_181\jre\bin\msvcr100.dll
0x0000000075170000 - 0x0000000075a12000 	C:\Program Files\Java\jdk1.8.0_181\jre\bin\server\jvm.dll
0x00007ffdc9d30000 - 0x00007ffdc9d38000 	C:\windows\System32\PSAPI.DLL
0x00007ffdbc400000 - 0x00007ffdbc409000 	C:\windows\SYSTEM32\WSOCK32.dll
0x00007ffdc9c60000 - 0x00007ffdc9ccb000 	C:\windows\System32\WS2_32.dll
0x00007ffdbf730000 - 0x00007ffdbf757000 	C:\windows\SYSTEM32\WINMM.dll
0x00007ffdc74c0000 - 0x00007ffdc74ca000 	C:\windows\SYSTEM32\VERSION.dll
0x0000000075160000 - 0x000000007516f000 	C:\Program Files\Java\jdk1.8.0_181\jre\bin\verify.dll
0x0000000075130000 - 0x0000000075159000 	C:\Program Files\Java\jdk1.8.0_181\jre\bin\java.dll
0x00000000742e0000 - 0x0000000074315000 	C:\Program Files\Java\jdk1.8.0_181\jre\bin\jdwp.dll
0x00000000742d0000 - 0x00000000742d8000 	C:\Program Files\Java\jdk1.8.0_181\jre\bin\npt.dll
0x00000000742a0000 - 0x00000000742c3000 	C:\Program Files\Java\jdk1.8.0_181\jre\bin\instrument.dll
0x0000000075110000 - 0x0000000075126000 	C:\Program Files\Java\jdk1.8.0_181\jre\bin\zip.dll
0x00007ffdc83c0000 - 0x00007ffdc8af1000 	C:\windows\System32\SHELL32.dll
0x00007ffdc59f0000 - 0x00007ffdc617a000 	C:\windows\SYSTEM32\windows.storage.dll
0x00007ffdc9690000 - 0x00007ffdc99e4000 	C:\windows\System32\combase.dll
0x00007ffdc72d0000 - 0x00007ffdc72fb000 	C:\windows\SYSTEM32\Wldp.dll
0x00007ffdc9260000 - 0x00007ffdc930e000 	C:\windows\System32\SHCORE.dll
0x00007ffdc8360000 - 0x00007ffdc83b5000 	C:\windows\System32\shlwapi.dll
0x00007ffdc78d0000 - 0x00007ffdc78ef000 	C:\windows\SYSTEM32\profapi.dll
0x0000000074290000 - 0x0000000074299000 	C:\Program Files\Java\jdk1.8.0_181\jre\bin\dt_socket.dll
0x00007ffdc7050000 - 0x00007ffdc70ba000 	C:\windows\system32\mswsock.dll
0x00000000750f0000 - 0x000000007510a000 	C:\Program Files\Java\jdk1.8.0_181\jre\bin\net.dll
0x00007ffdc6d80000 - 0x00007ffdc6e4a000 	C:\windows\SYSTEM32\DNSAPI.dll
0x00007ffdc6d40000 - 0x00007ffdc6d7b000 	C:\windows\SYSTEM32\IPHLPAPI.DLL
0x00007ffdc99f0000 - 0x00007ffdc99f9000 	C:\windows\System32\NSI.dll
0x00007ffdbfa60000 - 0x00007ffdbfa6a000 	C:\Windows\System32\rasadhlp.dll
0x00007ffdbf5a0000 - 0x00007ffdbf61f000 	C:\windows\System32\fwpuclnt.dll
0x00007ffdc7990000 - 0x00007ffdc79b7000 	C:\windows\System32\bcrypt.dll
0x0000000074350000 - 0x000000007435d000 	C:\Program Files\Java\jdk1.8.0_181\jre\bin\management.dll
0x00000000750d0000 - 0x00000000750e1000 	C:\Program Files\Java\jdk1.8.0_181\jre\bin\nio.dll
0x00007ffdc7220000 - 0x00007ffdc7238000 	C:\windows\SYSTEM32\CRYPTSP.dll
0x00007ffdc69e0000 - 0x00007ffdc6a14000 	C:\windows\system32\rsaenh.dll
0x00007ffdc7850000 - 0x00007ffdc787e000 	C:\windows\SYSTEM32\USERENV.dll
0x00007ffdc7d30000 - 0x00007ffdc7daf000 	C:\windows\System32\bcryptprimitives.dll
0x00007ffdc7240000 - 0x00007ffdc724c000 	C:\windows\SYSTEM32\CRYPTBASE.dll
0x00007ffdc16d0000 - 0x00007ffdc16e7000 	C:\windows\SYSTEM32\dhcpcsvc6.DLL
0x00007ffdc1600000 - 0x00007ffdc161d000 	C:\windows\SYSTEM32\dhcpcsvc.DLL
0x00007ffdb5df0000 - 0x00007ffdb5e07000 	C:\windows\system32\napinsp.dll
0x00007ffdb5dd0000 - 0x00007ffdb5deb000 	C:\windows\system32\pnrpnsp.dll
0x00007ffdb5db0000 - 0x00007ffdb5dc5000 	C:\windows\system32\wshbth.dll
0x00007ffdc33a0000 - 0x00007ffdc33bd000 	C:\windows\system32\NLAapi.dll
0x00007ffdb5d90000 - 0x00007ffdb5da2000 	C:\windows\System32\winrnr.dll

VM Arguments:
jvm_args: -agentlib:jdwp=transport=dt_socket,address=127.0.0.1:57172,suspend=y,server=n -Xmx100m -XX:TieredStopAtLevel=1 -Xverify:none -Dspring.output.ansi.enabled=always -Dcom.sun.management.jmxremote -Dspring.jmx.enabled=true -Dspring.liveBeansView.mbeanDomain -Dspring.application.admin.enabled=true -javaagent:C:\Users\Administrator\.IntelliJIdea2019.3\system\captureAgent\debugger-agent.jar -Dfile.encoding=UTF-8 
java_command: com.bjc.gulimall.member.GulimallMemberApplication
java_class_path (initial): C:\Program Files\Java\jdk1.8.0_181\jre\lib\charsets.jar;C:\Program Files\Java\jdk1.8.0_181\jre\lib\deploy.jar;C:\Program Files\Java\jdk1.8.0_181\jre\lib\ext\access-bridge-64.jar;C:\Program Files\Java\jdk1.8.0_181\jre\lib\ext\cldrdata.jar;C:\Program Files\Java\jdk1.8.0_181\jre\lib\ext\dnsns.jar;C:\Program Files\Java\jdk1.8.0_181\jre\lib\ext\jaccess.jar;C:\Program Files\Java\jdk1.8.0_181\jre\lib\ext\jfxrt.jar;C:\Program Files\Java\jdk1.8.0_181\jre\lib\ext\localedata.jar;C:\Program Files\Java\jdk1.8.0_181\jre\lib\ext\nashorn.jar;C:\Program Files\Java\jdk1.8.0_181\jre\lib\ext\sunec.jar;C:\Program Files\Java\jdk1.8.0_181\jre\lib\ext\sunjce_provider.jar;C:\Program Files\Java\jdk1.8.0_181\jre\lib\ext\sunmscapi.jar;C:\Program Files\Java\jdk1.8.0_181\jre\lib\ext\sunpkcs11.jar;C:\Program Files\Java\jdk1.8.0_181\jre\lib\ext\zipfs.jar;C:\Program Files\Java\jdk1.8.0_181\jre\lib\javaws.jar;C:\Program Files\Java\jdk1.8.0_181\jre\lib\jce.jar;C:\Program Files\Java\jdk1.8.0_181\jre\lib\jfr.jar;C:\Program Files\Java\jdk1.8.0_181\jre\lib\jfxswt.jar;C:\Program Files\Java\jdk1.8.0_181\jre\lib\jsse.jar;C:\Program Files\Java\jdk1.8.0_181\jre\lib\management-agent.jar;C:\Program Files\Java\jdk1.8.0_181\jre\lib\plugin.jar;C:\Program Files\Java\jdk1.8.0_181\jre\lib\resources.jar;C:\Program Files\Java\jdk1.8.0_181\jre\lib\rt.jar;D:\ITstudy\guliShop\gulimall-member\target\classes;D:\ITstudy\guliShop\gulimall-common\target\classes;E:\mavenRepository\com\baomidou\mybatis-plus-boot-starter\3.2.0\mybatis-plus-boot-starter-3.2.0.jar;E:\mavenRepository\com\baomidou\mybatis-plus\3.2.0\mybatis-plus-3.2.0.jar;E:\mavenRepository\com\baomidou\mybatis-plus-extension\3.2.0\mybatis-plus-extension-3.2.0.jar;E:\mavenRepository\com\baomidou\mybatis-plus-core\3.2.0\mybatis-plus-core-3.2.0.jar;E:\mavenRepository\com\baomidou\mybatis-plus-annotation\3.2.0\mybatis-plus-annotation-3.2.0.jar;E:\mavenRepository\com\github\jsqlparser\jsqlparser\2.1\jsqlparser-2.1.jar;E:\mavenRepository\org\m
Launcher Type: SUN_STANDARD

Environment Variables:
JAVA_HOME=C:\Program Files\Java\jdk1.8.0_181
PATH=C:\Program Files (x86)\Common Files\Oracle\Java\javapath;C:\windows\system32;C:\windows;C:\windows\System32\Wbem;C:\windows\System32\WindowsPowerShell\v1.0\;C:\windows\System32\OpenSSH\;C:\Program Files (x86)\Yozosoft\Yozo_Office\Lib\xuggler\bin;C:\Program Files\Java\jdk1.8.0_181\bin;G:\IT\Apache\apache-maven-3.6.3\bin;C:\Program Files (x86)\MySQL\MySQL Fabric 1.5 & MySQL Utilities 1.5\;C:\Program Files (x86)\MySQL\MySQL Fabric 1.5 & MySQL Utilities 1.5\Doctrine extensions for PHP\;C:\Program Files\Git\cmd;G:\IT\nodeJs_nvm\;G:\IT\gu_li_shop\Vagrant\bin;C:\Users\Administrator\AppData\Local\Microsoft\WindowsApps;C:\Users\Administrator\AppData\Roaming\npm;;C:\Program Files\nodejs;G:\IT\nvm\nvm;C:\Program Files\nodejs;C:\Users\Administrator\AppData\Local\Microsoft\WindowsApps;C:\Users\Administrator\AppData\Roaming\npm;%NVM_HOME%;C:\Program Files\nodejs
USERNAME=Administrator
OS=Windows_NT
PROCESSOR_IDENTIFIER=Intel64 Family 6 Model 60 Stepping 3, GenuineIntel



---------------  S Y S T E M  ---------------

OS: Windows 10.0 , 64 bit Build 19041 (10.0.19041.207)

CPU:total 4 (initial active 4) (4 cores per cpu, 1 threads per core) family 6 model 60 stepping 3, cmov, cx8, fxsr, mmx, sse, sse2, sse3, ssse3, sse4.1, sse4.2, popcnt, avx, avx2, aes, clmul, erms, lzcnt, tsc, tscinvbit, bmi1, bmi2

Memory: 4k page, physical 16714128k(5505124k free), swap 25060684k(5988k free)

vm_info: Java HotSpot(TM) 64-Bit Server VM (25.181-b13) for windows-amd64 JRE (1.8.0_181-b13), built on Jul  7 2018 04:01:33 by "java_re" with MS VC++ 10.0 (VS2010)

time: Sun Mar 07 13:11:23 2021
elapsed time: 17 seconds (0d 0h 0m 17s)

